{"/Users/mrsum/code/rambler/rnd/ship-cli/cli/__tests__/program.spec.js":{"path":"/Users/mrsum/code/rambler/rnd/ship-cli/cli/__tests__/program.spec.js","s":{"1":1,"2":1,"3":1,"4":1,"5":1,"6":1,"7":1,"8":1},"b":{},"f":{},"fnMap":{},"statementMap":{"1":{"start":{"line":3,"column":0},"end":{"line":3,"column":34}},"2":{"start":{"line":4,"column":0},"end":{"line":4,"column":35}},"3":{"start":{"line":5,"column":0},"end":{"line":5,"column":38}},"4":{"start":{"line":7,"column":0},"end":{"line":19,"column":3}},"5":{"start":{"line":9,"column":2},"end":{"line":11,"column":5}},"6":{"start":{"line":10,"column":4},"end":{"line":10,"column":34}},"7":{"start":{"line":13,"column":2},"end":{"line":15,"column":5}},"8":{"start":{"line":14,"column":4},"end":{"line":14,"column":42}}},"branchMap":{}},"/Users/mrsum/code/rambler/rnd/ship-cli/cli/index.js":{"path":"/Users/mrsum/code/rambler/rnd/ship-cli/cli/index.js","s":{"1":1,"2":1,"3":1,"4":1,"5":1,"6":1,"7":1,"8":1},"b":{},"f":{"1":1},"fnMap":{"1":{"name":"(anonymous_1)","line":18,"loc":{"start":{"line":18,"column":17},"end":{"line":18,"column":49}}}},"statementMap":{"1":{"start":{"line":6,"column":0},"end":{"line":6,"column":37}},"2":{"start":{"line":7,"column":0},"end":{"line":7,"column":33}},"3":{"start":{"line":8,"column":0},"end":{"line":8,"column":44}},"4":{"start":{"line":9,"column":0},"end":{"line":9,"column":42}},"5":{"start":{"line":18,"column":0},"end":{"line":37,"column":2}},"6":{"start":{"line":20,"column":2},"end":{"line":20,"column":47}},"7":{"start":{"line":23,"column":2},"end":{"line":25,"column":43}},"8":{"start":{"line":28,"column":2},"end":{"line":36,"column":4}}},"branchMap":{}},"/Users/mrsum/code/rambler/rnd/ship-cli/cli/libs/registry.js":{"path":"/Users/mrsum/code/rambler/rnd/ship-cli/cli/libs/registry.js","s":{"1":1,"2":1,"3":1,"4":1,"5":1,"6":5,"7":1,"8":1},"b":{"1":[1,0]},"f":{"1":1},"fnMap":{"1":{"name":"(anonymous_1)","line":14,"loc":{"start":{"line":14,"column":17},"end":{"line":14,"column":53}}}},"statementMap":{"1":{"start":{"line":6,"column":0},"end":{"line":6,"column":32}},"2":{"start":{"line":14,"column":0},"end":{"line":23,"column":2}},"3":{"start":{"line":15,"column":2},"end":{"line":15,"column":20}},"4":{"start":{"line":16,"column":2},"end":{"line":20,"column":3}},"5":{"start":{"line":17,"column":4},"end":{"line":19,"column":7}},"6":{"start":{"line":18,"column":6},"end":{"line":18,"column":31}},"7":{"start":{"line":22,"column":2},"end":{"line":22,"column":17}},"8":{"start":{"line":25,"column":0},"end":{"line":25,"column":26}}},"branchMap":{"1":{"line":16,"type":"if","locations":[{"start":{"line":16,"column":2},"end":{"line":16,"column":2}},{"start":{"line":16,"column":2},"end":{"line":16,"column":2}}]}}},"/Users/mrsum/code/rambler/rnd/ship-cli/cli/libs/logger.js":{"path":"/Users/mrsum/code/rambler/rnd/ship-cli/cli/libs/logger.js","s":{"1":1,"2":1,"3":0,"4":0,"5":0,"6":1},"b":{},"f":{"1":0},"fnMap":{"1":{"name":"(anonymous_1)","line":13,"loc":{"start":{"line":13,"column":12},"end":{"line":13,"column":48}}}},"statementMap":{"1":{"start":{"line":6,"column":0},"end":{"line":6,"column":33}},"2":{"start":{"line":13,"column":0},"end":{"line":17,"column":2}},"3":{"start":{"line":14,"column":2},"end":{"line":14,"column":24}},"4":{"start":{"line":15,"column":2},"end":{"line":15,"column":83}},"5":{"start":{"line":16,"column":2},"end":{"line":16,"column":36}},"6":{"start":{"line":19,"column":0},"end":{"line":19,"column":21}}},"branchMap":{}},"/Users/mrsum/code/rambler/rnd/ship-cli/cli/commands/new.js":{"path":"/Users/mrsum/code/rambler/rnd/ship-cli/cli/commands/new.js","s":{"1":1,"2":1,"3":1,"4":1,"5":0,"6":0,"7":0,"8":0,"9":0,"10":0,"11":0,"12":0,"13":0,"14":0},"b":{},"f":{"1":1,"2":0},"fnMap":{"1":{"name":"(anonymous_1)","line":15,"loc":{"start":{"line":15,"column":17},"end":{"line":15,"column":43}}},"2":{"name":"(anonymous_2)","line":20,"loc":{"start":{"line":20,"column":12},"end":{"line":20,"column":27}}}},"statementMap":{"1":{"start":{"line":6,"column":0},"end":{"line":6,"column":33}},"2":{"start":{"line":7,"column":0},"end":{"line":7,"column":46}},"3":{"start":{"line":15,"column":0},"end":{"line":43,"column":2}},"4":{"start":{"line":16,"column":2},"end":{"line":42,"column":7}},"5":{"start":{"line":21,"column":6},"end":{"line":21,"column":34}},"6":{"start":{"line":22,"column":6},"end":{"line":22,"column":60}},"7":{"start":{"line":23,"column":6},"end":{"line":28,"column":7}},"8":{"start":{"line":24,"column":8},"end":{"line":24,"column":68}},"9":{"start":{"line":26,"column":8},"end":{"line":26,"column":75}},"10":{"start":{"line":27,"column":8},"end":{"line":27,"column":15}},"11":{"start":{"line":30,"column":6},"end":{"line":39,"column":8}},"12":{"start":{"line":36,"column":10},"end":{"line":36,"column":60}},"13":{"start":{"line":37,"column":10},"end":{"line":37,"column":69}},"14":{"start":{"line":41,"column":6},"end":{"line":41,"column":46}}},"branchMap":{}},"/Users/mrsum/code/rambler/rnd/ship-cli/cli/commands/setup.js":{"path":"/Users/mrsum/code/rambler/rnd/ship-cli/cli/commands/setup.js","s":{"1":1,"2":1,"3":1,"4":1,"5":1,"6":0,"7":0,"8":0,"9":0,"10":0,"11":0,"12":0,"13":0,"14":0,"15":0,"16":0,"17":0,"18":0,"19":0,"20":0,"21":0,"22":0,"23":0,"24":0},"b":{"1":[0,0],"2":[0,0]},"f":{"1":1,"2":0},"fnMap":{"1":{"name":"(anonymous_1)","line":16,"loc":{"start":{"line":16,"column":17},"end":{"line":16,"column":43}}},"2":{"name":"(anonymous_2)","line":22,"loc":{"start":{"line":22,"column":12},"end":{"line":22,"column":30}}}},"statementMap":{"1":{"start":{"line":6,"column":0},"end":{"line":6,"column":33}},"2":{"start":{"line":7,"column":0},"end":{"line":7,"column":33}},"3":{"start":{"line":8,"column":0},"end":{"line":8,"column":46}},"4":{"start":{"line":16,"column":0},"end":{"line":56,"column":2}},"5":{"start":{"line":17,"column":2},"end":{"line":55,"column":7}},"6":{"start":{"line":23,"column":6},"end":{"line":23,"column":34}},"7":{"start":{"line":26,"column":6},"end":{"line":29,"column":7}},"8":{"start":{"line":27,"column":8},"end":{"line":27,"column":62}},"9":{"start":{"line":28,"column":8},"end":{"line":28,"column":21}},"10":{"start":{"line":31,"column":6},"end":{"line":31,"column":43}},"11":{"start":{"line":34,"column":6},"end":{"line":42,"column":7}},"12":{"start":{"line":35,"column":8},"end":{"line":41,"column":9}},"13":{"start":{"line":36,"column":10},"end":{"line":36,"column":58}},"14":{"start":{"line":37,"column":10},"end":{"line":37,"column":76}},"15":{"start":{"line":39,"column":10},"end":{"line":39,"column":43}},"16":{"start":{"line":40,"column":10},"end":{"line":40,"column":23}},"17":{"start":{"line":44,"column":6},"end":{"line":44,"column":49}},"18":{"start":{"line":45,"column":6},"end":{"line":51,"column":7}},"19":{"start":{"line":46,"column":8},"end":{"line":46,"column":90}},"20":{"start":{"line":47,"column":8},"end":{"line":47,"column":48}},"21":{"start":{"line":49,"column":8},"end":{"line":49,"column":63}},"22":{"start":{"line":50,"column":8},"end":{"line":50,"column":21}},"23":{"start":{"line":53,"column":6},"end":{"line":53,"column":33}},"24":{"start":{"line":54,"column":6},"end":{"line":54,"column":18}}},"branchMap":{"1":{"line":26,"type":"if","locations":[{"start":{"line":26,"column":6},"end":{"line":26,"column":6}},{"start":{"line":26,"column":6},"end":{"line":26,"column":6}}]},"2":{"line":34,"type":"if","locations":[{"start":{"line":34,"column":6},"end":{"line":34,"column":6}},{"start":{"line":34,"column":6},"end":{"line":34,"column":6}}]}}},"/Users/mrsum/code/rambler/rnd/ship-cli/cli/commands/utils/index.js":{"path":"/Users/mrsum/code/rambler/rnd/ship-cli/cli/commands/utils/index.js","s":{"1":1,"2":1,"3":1,"4":0,"5":0,"6":1,"7":0,"8":0,"9":0,"10":0,"11":0,"12":0,"13":0,"14":1,"15":0,"16":0,"17":0,"18":1,"19":1,"20":1},"b":{"1":[0,0],"2":[0,0]},"f":{"1":0,"2":0,"3":0},"fnMap":{"1":{"name":"(anonymous_1)","line":17,"loc":{"start":{"line":17,"column":13},"end":{"line":17,"column":60}}},"2":{"name":"(anonymous_2)","line":27,"loc":{"start":{"line":27,"column":17},"end":{"line":27,"column":29}}},"3":{"name":"(anonymous_3)","line":44,"loc":{"start":{"line":44,"column":15},"end":{"line":44,"column":30}}}},"statementMap":{"1":{"start":{"line":6,"column":0},"end":{"line":6,"column":25}},"2":{"start":{"line":7,"column":0},"end":{"line":7,"column":33}},"3":{"start":{"line":17,"column":0},"end":{"line":20,"column":2}},"4":{"start":{"line":18,"column":2},"end":{"line":18,"column":24}},"5":{"start":{"line":19,"column":2},"end":{"line":19,"column":89}},"6":{"start":{"line":27,"column":0},"end":{"line":37,"column":2}},"7":{"start":{"line":28,"column":2},"end":{"line":28,"column":72}},"8":{"start":{"line":29,"column":2},"end":{"line":29,"column":31}},"9":{"start":{"line":30,"column":2},"end":{"line":30,"column":12}},"10":{"start":{"line":31,"column":2},"end":{"line":34,"column":3}},"11":{"start":{"line":32,"column":4},"end":{"line":32,"column":17}},"12":{"start":{"line":33,"column":4},"end":{"line":33,"column":8}},"13":{"start":{"line":36,"column":2},"end":{"line":36,"column":55}},"14":{"start":{"line":44,"column":0},"end":{"line":50,"column":2}},"15":{"start":{"line":45,"column":2},"end":{"line":49,"column":3}},"16":{"start":{"line":46,"column":4},"end":{"line":46,"column":38}},"17":{"start":{"line":48,"column":4},"end":{"line":48,"column":17}},"18":{"start":{"line":55,"column":0},"end":{"line":55,"column":26}},"19":{"start":{"line":56,"column":0},"end":{"line":56,"column":30}},"20":{"start":{"line":57,"column":0},"end":{"line":57,"column":34}}},"branchMap":{"1":{"line":29,"type":"binary-expr","locations":[{"start":{"line":29,"column":10},"end":{"line":29,"column":25}},{"start":{"line":29,"column":29},"end":{"line":29,"column":30}}]},"2":{"line":36,"type":"cond-expr","locations":[{"start":{"line":36,"column":30},"end":{"line":36,"column":31}},{"start":{"line":36,"column":34},"end":{"line":36,"column":35}}]}}},"/Users/mrsum/code/rambler/rnd/ship-cli/cli/commands/run.js":{"path":"/Users/mrsum/code/rambler/rnd/ship-cli/cli/commands/run.js","s":{"1":1,"2":1,"3":1,"4":1,"5":1,"6":1,"7":0,"8":0,"9":0,"10":0,"11":0,"12":0,"13":0},"b":{"1":[0,0],"2":[0,0],"3":[0,0],"4":[0,0]},"f":{"1":1,"2":0},"fnMap":{"1":{"name":"(anonymous_1)","line":17,"loc":{"start":{"line":17,"column":17},"end":{"line":17,"column":43}}},"2":{"name":"(anonymous_2)","line":21,"loc":{"start":{"line":21,"column":12},"end":{"line":21,"column":26}}}},"statementMap":{"1":{"start":{"line":6,"column":0},"end":{"line":6,"column":33}},"2":{"start":{"line":7,"column":0},"end":{"line":7,"column":33}},"3":{"start":{"line":8,"column":0},"end":{"line":8,"column":48}},"4":{"start":{"line":9,"column":0},"end":{"line":9,"column":52}},"5":{"start":{"line":17,"column":0},"end":{"line":42,"column":2}},"6":{"start":{"line":18,"column":2},"end":{"line":41,"column":7}},"7":{"start":{"line":22,"column":6},"end":{"line":22,"column":29}},"8":{"start":{"line":25,"column":6},"end":{"line":28,"column":7}},"9":{"start":{"line":26,"column":8},"end":{"line":26,"column":62}},"10":{"start":{"line":27,"column":8},"end":{"line":27,"column":21}},"11":{"start":{"line":31,"column":6},"end":{"line":33,"column":36}},"12":{"start":{"line":36,"column":6},"end":{"line":38,"column":37}},"13":{"start":{"line":40,"column":6},"end":{"line":40,"column":18}}},"branchMap":{"1":{"line":25,"type":"if","locations":[{"start":{"line":25,"column":6},"end":{"line":25,"column":6}},{"start":{"line":25,"column":6},"end":{"line":25,"column":6}}]},"2":{"line":31,"type":"cond-expr","locations":[{"start":{"line":32,"column":10},"end":{"line":32,"column":36}},{"start":{"line":33,"column":10},"end":{"line":33,"column":35}}]},"3":{"line":36,"type":"cond-expr","locations":[{"start":{"line":37,"column":10},"end":{"line":37,"column":28}},{"start":{"line":38,"column":10},"end":{"line":38,"column":36}}]},"4":{"line":36,"type":"binary-expr","locations":[{"start":{"line":36,"column":6},"end":{"line":36,"column":9}},{"start":{"line":36,"column":13},"end":{"line":36,"column":26}}]}}},"/Users/mrsum/code/rambler/rnd/ship-cli/cli/commands/subcommands/dev.js":{"path":"/Users/mrsum/code/rambler/rnd/ship-cli/cli/commands/subcommands/dev.js","s":{"1":1,"2":1,"3":1,"4":1,"5":0,"6":0,"7":0,"8":0,"9":0,"10":0,"11":0,"12":0,"13":0,"14":0,"15":0,"16":0,"17":0,"18":0,"19":0,"20":0,"21":0,"22":0,"23":0,"24":0,"25":0,"26":0,"27":0,"28":0,"29":0,"30":0,"31":0,"32":0,"33":0,"34":0,"35":0,"36":0,"37":0,"38":0,"39":0,"40":0,"41":0,"42":0,"43":0,"44":0,"45":0,"46":0,"47":0,"48":0,"49":0,"50":0,"51":0,"52":0},"b":{"1":[0,0],"2":[0,0],"3":[0,0],"4":[0,0]},"f":{"1":0,"2":0,"3":0,"4":0,"5":0},"fnMap":{"1":{"name":"(anonymous_1)","line":18,"loc":{"start":{"line":18,"column":17},"end":{"line":18,"column":34}}},"2":{"name":"(anonymous_2)","line":37,"loc":{"start":{"line":37,"column":22},"end":{"line":37,"column":40}}},"3":{"name":"(anonymous_3)","line":57,"loc":{"start":{"line":57,"column":33},"end":{"line":57,"column":44}}},"4":{"name":"(anonymous_4)","line":73,"loc":{"start":{"line":73,"column":26},"end":{"line":73,"column":47}}},"5":{"name":"(anonymous_5)","line":111,"loc":{"start":{"line":111,"column":20},"end":{"line":111,"column":31}}}},"statementMap":{"1":{"start":{"line":6,"column":0},"end":{"line":6,"column":37}},"2":{"start":{"line":7,"column":0},"end":{"line":7,"column":47}},"3":{"start":{"line":8,"column":0},"end":{"line":11,"column":2}},"4":{"start":{"line":18,"column":0},"end":{"line":146,"column":2}},"5":{"start":{"line":19,"column":2},"end":{"line":145,"column":3}},"6":{"start":{"line":21,"column":4},"end":{"line":21,"column":56}},"7":{"start":{"line":22,"column":4},"end":{"line":22,"column":56}},"8":{"start":{"line":25,"column":4},"end":{"line":25,"column":37}},"9":{"start":{"line":28,"column":4},"end":{"line":33,"column":5}},"10":{"start":{"line":29,"column":6},"end":{"line":29,"column":35}},"11":{"start":{"line":30,"column":6},"end":{"line":30,"column":35}},"12":{"start":{"line":32,"column":6},"end":{"line":32,"column":25}},"13":{"start":{"line":37,"column":4},"end":{"line":46,"column":6}},"14":{"start":{"line":38,"column":6},"end":{"line":41,"column":8}},"15":{"start":{"line":43,"column":6},"end":{"line":45,"column":7}},"16":{"start":{"line":44,"column":8},"end":{"line":44,"column":30}},"17":{"start":{"line":49,"column":4},"end":{"line":49,"column":94}},"18":{"start":{"line":49,"column":48},"end":{"line":49,"column":90}},"19":{"start":{"line":50,"column":4},"end":{"line":50,"column":94}},"20":{"start":{"line":50,"column":48},"end":{"line":50,"column":90}},"21":{"start":{"line":51,"column":4},"end":{"line":51,"column":94}},"22":{"start":{"line":51,"column":48},"end":{"line":51,"column":90}},"23":{"start":{"line":52,"column":4},"end":{"line":52,"column":94}},"24":{"start":{"line":52,"column":48},"end":{"line":52,"column":90}},"25":{"start":{"line":53,"column":4},"end":{"line":53,"column":94}},"26":{"start":{"line":53,"column":48},"end":{"line":53,"column":90}},"27":{"start":{"line":54,"column":4},"end":{"line":54,"column":94}},"28":{"start":{"line":54,"column":48},"end":{"line":54,"column":90}},"29":{"start":{"line":57,"column":4},"end":{"line":70,"column":13}},"30":{"start":{"line":58,"column":6},"end":{"line":67,"column":8}},"31":{"start":{"line":69,"column":6},"end":{"line":69,"column":28}},"32":{"start":{"line":73,"column":4},"end":{"line":144,"column":7}},"33":{"start":{"line":74,"column":6},"end":{"line":74,"column":20}},"34":{"start":{"line":75,"column":6},"end":{"line":75,"column":29}},"35":{"start":{"line":76,"column":6},"end":{"line":76,"column":26}},"36":{"start":{"line":78,"column":6},"end":{"line":143,"column":7}},"37":{"start":{"line":80,"column":8},"end":{"line":80,"column":31}},"38":{"start":{"line":82,"column":8},"end":{"line":88,"column":11}},"39":{"start":{"line":91,"column":8},"end":{"line":96,"column":10}},"40":{"start":{"line":101,"column":8},"end":{"line":105,"column":11}},"41":{"start":{"line":108,"column":8},"end":{"line":108,"column":32}},"42":{"start":{"line":111,"column":8},"end":{"line":131,"column":16}},"43":{"start":{"line":112,"column":10},"end":{"line":112,"column":41}},"44":{"start":{"line":113,"column":10},"end":{"line":116,"column":11}},"45":{"start":{"line":114,"column":12},"end":{"line":114,"column":55}},"46":{"start":{"line":115,"column":12},"end":{"line":115,"column":83}},"47":{"start":{"line":117,"column":10},"end":{"line":117,"column":28}},"48":{"start":{"line":119,"column":10},"end":{"line":129,"column":12}},"49":{"start":{"line":130,"column":10},"end":{"line":130,"column":32}},"50":{"start":{"line":134,"column":8},"end":{"line":134,"column":45}},"51":{"start":{"line":135,"column":8},"end":{"line":141,"column":10}},"52":{"start":{"line":142,"column":8},"end":{"line":142,"column":30}}},"branchMap":{"1":{"line":19,"type":"if","locations":[{"start":{"line":19,"column":2},"end":{"line":19,"column":2}},{"start":{"line":19,"column":2},"end":{"line":19,"column":2}}]},"2":{"line":39,"type":"cond-expr","locations":[{"start":{"line":39,"column":26},"end":{"line":39,"column":35}},{"start":{"line":39,"column":38},"end":{"line":39,"column":43}}]},"3":{"line":43,"type":"if","locations":[{"start":{"line":43,"column":6},"end":{"line":43,"column":6}},{"start":{"line":43,"column":6},"end":{"line":43,"column":6}}]},"4":{"line":113,"type":"if","locations":[{"start":{"line":113,"column":10},"end":{"line":113,"column":10}},{"start":{"line":113,"column":10},"end":{"line":113,"column":10}}]}}},"/Users/mrsum/code/rambler/rnd/ship-cli/cli/screens/dev.js":{"path":"/Users/mrsum/code/rambler/rnd/ship-cli/cli/screens/dev.js","s":{"1":1,"2":1,"3":1,"4":0,"5":0,"6":0,"7":0,"8":0,"9":0,"10":0,"11":0,"12":0,"13":0,"14":0,"15":0,"16":0},"b":{},"f":{"1":0,"2":0},"fnMap":{"1":{"name":"(anonymous_1)","line":16,"loc":{"start":{"line":16,"column":17},"end":{"line":16,"column":34}}},"2":{"name":"(anonymous_2)","line":185,"loc":{"start":{"line":185,"column":24},"end":{"line":185,"column":35}}}},"statementMap":{"1":{"start":{"line":6,"column":0},"end":{"line":6,"column":35}},"2":{"start":{"line":7,"column":0},"end":{"line":7,"column":33}},"3":{"start":{"line":16,"column":0},"end":{"line":196,"column":2}},"4":{"start":{"line":19,"column":2},"end":{"line":24,"column":5}},"5":{"start":{"line":27,"column":2},"end":{"line":53,"column":5}},"6":{"start":{"line":56,"column":2},"end":{"line":82,"column":5}},"7":{"start":{"line":85,"column":2},"end":{"line":105,"column":5}},"8":{"start":{"line":108,"column":2},"end":{"line":128,"column":5}},"9":{"start":{"line":131,"column":2},"end":{"line":158,"column":5}},"10":{"start":{"line":161,"column":2},"end":{"line":176,"column":5}},"11":{"start":{"line":179,"column":2},"end":{"line":179,"column":20}},"12":{"start":{"line":182,"column":2},"end":{"line":182,"column":18}},"13":{"start":{"line":185,"column":2},"end":{"line":188,"column":5}},"14":{"start":{"line":186,"column":4},"end":{"line":186,"column":73}},"15":{"start":{"line":187,"column":4},"end":{"line":187,"column":20}},"16":{"start":{"line":191,"column":2},"end":{"line":195,"column":4}}},"branchMap":{}},"/Users/mrsum/code/rambler/rnd/ship-cli/cli/commands/compilers/server.js":{"path":"/Users/mrsum/code/rambler/rnd/ship-cli/cli/commands/compilers/server.js","s":{"1":1,"2":1,"3":1,"4":1,"5":1,"6":1,"7":1,"8":1,"9":0,"10":1,"11":0,"12":0,"13":0,"14":0,"15":0,"16":0,"17":0,"18":0,"19":0,"20":0,"21":0,"22":0,"23":0,"24":0,"25":0,"26":0,"27":0,"28":0,"29":0,"30":0,"31":0,"32":0,"33":0,"34":0,"35":0,"36":0,"37":0,"38":0,"39":0,"40":0,"41":0,"42":0,"43":0,"44":0,"45":0,"46":0,"47":0,"48":0,"49":0,"50":0,"51":0,"52":0,"53":0,"54":0,"55":0,"56":0,"57":0,"58":0,"59":0,"60":0,"61":0,"62":0,"63":0,"64":0,"65":0,"66":0,"67":0,"68":0,"69":0,"70":0,"71":0,"72":0,"73":0,"74":0,"75":0,"76":0,"77":1},"b":{"1":[0,0],"2":[0,0,0,0,0,0],"3":[0,0],"4":[0,0],"5":[0,0],"6":[0,0],"7":[0,0],"8":[0,0]},"f":{"1":0,"2":0,"3":0,"4":0,"5":0},"fnMap":{"1":{"name":"(anonymous_1)","line":18,"loc":{"start":{"line":18,"column":23},"end":{"line":18,"column":40}}},"2":{"name":"(anonymous_2)","line":26,"loc":{"start":{"line":26,"column":33},"end":{"line":26,"column":53}}},"3":{"name":"(anonymous_3)","line":61,"loc":{"start":{"line":61,"column":37},"end":{"line":61,"column":48}}},"4":{"name":"(anonymous_4)","line":70,"loc":{"start":{"line":70,"column":21},"end":{"line":70,"column":50}}},"5":{"name":"(anonymous_5)","line":121,"loc":{"start":{"line":121,"column":39},"end":{"line":121,"column":60}}}},"statementMap":{"1":{"start":{"line":6,"column":0},"end":{"line":6,"column":37}},"2":{"start":{"line":7,"column":0},"end":{"line":7,"column":34}},"3":{"start":{"line":8,"column":0},"end":{"line":8,"column":34}},"4":{"start":{"line":9,"column":0},"end":{"line":9,"column":39}},"5":{"start":{"line":10,"column":0},"end":{"line":10,"column":36}},"6":{"start":{"line":11,"column":0},"end":{"line":11,"column":37}},"7":{"start":{"line":12,"column":0},"end":{"line":12,"column":38}},"8":{"start":{"line":18,"column":0},"end":{"line":20,"column":2}},"9":{"start":{"line":19,"column":2},"end":{"line":19,"column":29}},"10":{"start":{"line":26,"column":0},"end":{"line":175,"column":2}},"11":{"start":{"line":27,"column":2},"end":{"line":27,"column":29}},"12":{"start":{"line":28,"column":2},"end":{"line":28,"column":30}},"13":{"start":{"line":31,"column":2},"end":{"line":31,"column":26}},"14":{"start":{"line":34,"column":2},"end":{"line":34,"column":60}},"15":{"start":{"line":37,"column":2},"end":{"line":37,"column":70}},"16":{"start":{"line":40,"column":2},"end":{"line":40,"column":45}},"17":{"start":{"line":43,"column":2},"end":{"line":43,"column":81}},"18":{"start":{"line":46,"column":2},"end":{"line":46,"column":99}},"19":{"start":{"line":50,"column":2},"end":{"line":53,"column":4}},"20":{"start":{"line":56,"column":2},"end":{"line":56,"column":52}},"21":{"start":{"line":57,"column":2},"end":{"line":57,"column":60}},"22":{"start":{"line":58,"column":2},"end":{"line":58,"column":60}},"23":{"start":{"line":61,"column":2},"end":{"line":63,"column":5}},"24":{"start":{"line":62,"column":4},"end":{"line":62,"column":20}},"25":{"start":{"line":70,"column":2},"end":{"line":110,"column":4}},"26":{"start":{"line":72,"column":4},"end":{"line":75,"column":24}},"27":{"start":{"line":77,"column":4},"end":{"line":107,"column":7}},"28":{"start":{"line":78,"column":6},"end":{"line":106,"column":7}},"29":{"start":{"line":79,"column":23},"end":{"line":79,"column":119}},"30":{"start":{"line":79,"column":120},"end":{"line":79,"column":126}},"31":{"start":{"line":80,"column":21},"end":{"line":80,"column":121}},"32":{"start":{"line":80,"column":122},"end":{"line":80,"column":128}},"33":{"start":{"line":81,"column":22},"end":{"line":81,"column":122}},"34":{"start":{"line":81,"column":123},"end":{"line":81,"column":129}},"35":{"start":{"line":82,"column":22},"end":{"line":82,"column":119}},"36":{"start":{"line":82,"column":120},"end":{"line":82,"column":126}},"37":{"start":{"line":84,"column":10},"end":{"line":87,"column":23}},"38":{"start":{"line":89,"column":10},"end":{"line":92,"column":23}},"39":{"start":{"line":94,"column":10},"end":{"line":94,"column":153}},"40":{"start":{"line":97,"column":10},"end":{"line":97,"column":51}},"41":{"start":{"line":100,"column":10},"end":{"line":100,"column":45}},"42":{"start":{"line":103,"column":10},"end":{"line":103,"column":26}},"43":{"start":{"line":104,"column":10},"end":{"line":104,"column":16}},"44":{"start":{"line":105,"column":17},"end":{"line":105,"column":22}},"45":{"start":{"line":109,"column":4},"end":{"line":109,"column":18}},"46":{"start":{"line":113,"column":2},"end":{"line":115,"column":5}},"47":{"start":{"line":114,"column":4},"end":{"line":114,"column":86}},"48":{"start":{"line":118,"column":2},"end":{"line":118,"column":39}},"49":{"start":{"line":121,"column":2},"end":{"line":174,"column":5}},"50":{"start":{"line":122,"column":4},"end":{"line":122,"column":35}},"51":{"start":{"line":124,"column":4},"end":{"line":129,"column":5}},"52":{"start":{"line":125,"column":6},"end":{"line":127,"column":9}},"53":{"start":{"line":126,"column":8},"end":{"line":126,"column":78}},"54":{"start":{"line":128,"column":6},"end":{"line":128,"column":19}},"55":{"start":{"line":131,"column":4},"end":{"line":138,"column":5}},"56":{"start":{"line":132,"column":6},"end":{"line":134,"column":9}},"57":{"start":{"line":133,"column":8},"end":{"line":133,"column":83}},"58":{"start":{"line":135,"column":6},"end":{"line":135,"column":19}},"59":{"start":{"line":137,"column":6},"end":{"line":137,"column":86}},"60":{"start":{"line":140,"column":4},"end":{"line":140,"column":59}},"61":{"start":{"line":142,"column":4},"end":{"line":163,"column":5}},"62":{"start":{"line":144,"column":6},"end":{"line":144,"column":83}},"63":{"start":{"line":148,"column":6},"end":{"line":154,"column":7}},"64":{"start":{"line":149,"column":8},"end":{"line":149,"column":74}},"65":{"start":{"line":150,"column":8},"end":{"line":150,"column":37}},"66":{"start":{"line":151,"column":8},"end":{"line":151,"column":34}},"67":{"start":{"line":152,"column":8},"end":{"line":152,"column":29}},"68":{"start":{"line":153,"column":8},"end":{"line":153,"column":36}},"69":{"start":{"line":156,"column":6},"end":{"line":162,"column":7}},"70":{"start":{"line":157,"column":8},"end":{"line":161,"column":11}},"71":{"start":{"line":158,"column":10},"end":{"line":160,"column":13}},"72":{"start":{"line":159,"column":12},"end":{"line":159,"column":94}},"73":{"start":{"line":165,"column":4},"end":{"line":168,"column":17}},"74":{"start":{"line":170,"column":4},"end":{"line":170,"column":42}},"75":{"start":{"line":172,"column":4},"end":{"line":172,"column":20}},"76":{"start":{"line":173,"column":4},"end":{"line":173,"column":16}},"77":{"start":{"line":177,"column":0},"end":{"line":177,"column":32}}},"branchMap":{"1":{"line":19,"type":"binary-expr","locations":[{"start":{"line":19,"column":16},"end":{"line":19,"column":22}},{"start":{"line":19,"column":26},"end":{"line":19,"column":28}}]},"2":{"line":78,"type":"switch","locations":[{"start":{"line":79,"column":8},"end":{"line":79,"column":126}},{"start":{"line":80,"column":8},"end":{"line":80,"column":128}},{"start":{"line":81,"column":8},"end":{"line":81,"column":129}},{"start":{"line":82,"column":8},"end":{"line":82,"column":126}},{"start":{"line":83,"column":8},"end":{"line":104,"column":16}},{"start":{"line":105,"column":8},"end":{"line":105,"column":22}}]},"3":{"line":124,"type":"if","locations":[{"start":{"line":124,"column":4},"end":{"line":124,"column":4}},{"start":{"line":124,"column":4},"end":{"line":124,"column":4}}]},"4":{"line":131,"type":"if","locations":[{"start":{"line":131,"column":4},"end":{"line":131,"column":4}},{"start":{"line":131,"column":4},"end":{"line":131,"column":4}}]},"5":{"line":142,"type":"if","locations":[{"start":{"line":142,"column":4},"end":{"line":142,"column":4}},{"start":{"line":142,"column":4},"end":{"line":142,"column":4}}]},"6":{"line":148,"type":"if","locations":[{"start":{"line":148,"column":6},"end":{"line":148,"column":6}},{"start":{"line":148,"column":6},"end":{"line":148,"column":6}}]},"7":{"line":156,"type":"if","locations":[{"start":{"line":156,"column":6},"end":{"line":156,"column":6}},{"start":{"line":156,"column":6},"end":{"line":156,"column":6}}]},"8":{"line":156,"type":"binary-expr","locations":[{"start":{"line":156,"column":10},"end":{"line":156,"column":22}},{"start":{"line":156,"column":26},"end":{"line":156,"column":52}}]}}},"/Users/mrsum/code/rambler/rnd/ship-cli/cli/commands/compilers/client.js":{"path":"/Users/mrsum/code/rambler/rnd/ship-cli/cli/commands/compilers/client.js","s":{"1":1,"2":1,"3":1,"4":1,"5":1,"6":1,"7":1,"8":0,"9":1,"10":0,"11":0,"12":0,"13":0,"14":0,"15":0,"16":0,"17":0,"18":0,"19":0,"20":0,"21":0,"22":0,"23":0,"24":0,"25":0,"26":0,"27":0,"28":0,"29":0,"30":1},"b":{"1":[0,0],"2":[0,0],"3":[0,0]},"f":{"1":0,"2":0,"3":0},"fnMap":{"1":{"name":"(anonymous_1)","line":17,"loc":{"start":{"line":17,"column":23},"end":{"line":17,"column":40}}},"2":{"name":"(anonymous_2)","line":25,"loc":{"start":{"line":25,"column":33},"end":{"line":25,"column":53}}},"3":{"name":"(anonymous_3)","line":58,"loc":{"start":{"line":58,"column":26},"end":{"line":58,"column":42}}}},"statementMap":{"1":{"start":{"line":6,"column":0},"end":{"line":6,"column":34}},"2":{"start":{"line":7,"column":0},"end":{"line":7,"column":34}},"3":{"start":{"line":8,"column":0},"end":{"line":8,"column":36}},"4":{"start":{"line":9,"column":0},"end":{"line":9,"column":37}},"5":{"start":{"line":10,"column":0},"end":{"line":10,"column":38}},"6":{"start":{"line":11,"column":0},"end":{"line":11,"column":48}},"7":{"start":{"line":17,"column":0},"end":{"line":19,"column":2}},"8":{"start":{"line":18,"column":2},"end":{"line":18,"column":29}},"9":{"start":{"line":25,"column":0},"end":{"line":83,"column":2}},"10":{"start":{"line":27,"column":2},"end":{"line":27,"column":36}},"11":{"start":{"line":28,"column":2},"end":{"line":28,"column":31}},"12":{"start":{"line":29,"column":2},"end":{"line":29,"column":63}},"13":{"start":{"line":30,"column":2},"end":{"line":30,"column":46}},"14":{"start":{"line":33,"column":2},"end":{"line":33,"column":99}},"15":{"start":{"line":36,"column":2},"end":{"line":42,"column":6}},"16":{"start":{"line":45,"column":2},"end":{"line":46,"column":82}},"17":{"start":{"line":49,"column":2},"end":{"line":56,"column":5}},"18":{"start":{"line":58,"column":2},"end":{"line":76,"column":5}},"19":{"start":{"line":59,"column":4},"end":{"line":59,"column":35}},"20":{"start":{"line":61,"column":4},"end":{"line":66,"column":5}},"21":{"start":{"line":62,"column":6},"end":{"line":64,"column":9}},"22":{"start":{"line":63,"column":8},"end":{"line":63,"column":78}},"23":{"start":{"line":65,"column":6},"end":{"line":65,"column":19}},"24":{"start":{"line":68,"column":4},"end":{"line":75,"column":5}},"25":{"start":{"line":69,"column":6},"end":{"line":71,"column":9}},"26":{"start":{"line":70,"column":8},"end":{"line":70,"column":83}},"27":{"start":{"line":72,"column":6},"end":{"line":72,"column":19}},"28":{"start":{"line":74,"column":6},"end":{"line":74,"column":86}},"29":{"start":{"line":79,"column":2},"end":{"line":82,"column":4}},"30":{"start":{"line":85,"column":0},"end":{"line":85,"column":32}}},"branchMap":{"1":{"line":18,"type":"binary-expr","locations":[{"start":{"line":18,"column":16},"end":{"line":18,"column":22}},{"start":{"line":18,"column":26},"end":{"line":18,"column":28}}]},"2":{"line":61,"type":"if","locations":[{"start":{"line":61,"column":4},"end":{"line":61,"column":4}},{"start":{"line":61,"column":4},"end":{"line":61,"column":4}}]},"3":{"line":68,"type":"if","locations":[{"start":{"line":68,"column":4},"end":{"line":68,"column":4}},{"start":{"line":68,"column":4},"end":{"line":68,"column":4}}]}}},"/Users/mrsum/code/rambler/rnd/ship-cli/cli/commands/subcommands/build.js":{"path":"/Users/mrsum/code/rambler/rnd/ship-cli/cli/commands/subcommands/build.js","s":{"1":1,"2":1,"3":1,"4":1,"5":0,"6":0,"7":0,"8":0,"9":0,"10":0,"11":0,"12":0,"13":0,"14":0,"15":0,"16":0,"17":0,"18":0,"19":0,"20":0,"21":0,"22":0,"23":0,"24":0,"25":0,"26":0,"27":0,"28":0,"29":0,"30":0,"31":0,"32":0,"33":0,"34":0,"35":0,"36":0,"37":0,"38":0,"39":0},"b":{"1":[0,0],"2":[0,0]},"f":{"1":0},"fnMap":{"1":{"name":"(anonymous_1)","line":16,"loc":{"start":{"line":16,"column":17},"end":{"line":16,"column":48}}}},"statementMap":{"1":{"start":{"line":6,"column":0},"end":{"line":6,"column":33}},"2":{"start":{"line":7,"column":0},"end":{"line":7,"column":35}},"3":{"start":{"line":8,"column":0},"end":{"line":8,"column":46}},"4":{"start":{"line":16,"column":0},"end":{"line":90,"column":2}},"5":{"start":{"line":17,"column":2},"end":{"line":17,"column":30}},"6":{"start":{"line":18,"column":2},"end":{"line":28,"column":15}},"7":{"start":{"line":30,"column":2},"end":{"line":30,"column":46}},"8":{"start":{"line":33,"column":2},"end":{"line":33,"column":62}},"9":{"start":{"line":34,"column":2},"end":{"line":34,"column":62}},"10":{"start":{"line":37,"column":2},"end":{"line":37,"column":45}},"11":{"start":{"line":38,"column":2},"end":{"line":38,"column":45}},"12":{"start":{"line":40,"column":2},"end":{"line":40,"column":46}},"13":{"start":{"line":42,"column":2},"end":{"line":42,"column":56}},"14":{"start":{"line":43,"column":2},"end":{"line":43,"column":60}},"15":{"start":{"line":44,"column":2},"end":{"line":44,"column":59}},"16":{"start":{"line":46,"column":2},"end":{"line":57,"column":5}},"17":{"start":{"line":47,"column":4},"end":{"line":56,"column":7}},"18":{"start":{"line":49,"column":6},"end":{"line":52,"column":7}},"19":{"start":{"line":50,"column":8},"end":{"line":50,"column":95}},"20":{"start":{"line":51,"column":8},"end":{"line":51,"column":20}},"21":{"start":{"line":54,"column":6},"end":{"line":54,"column":85}},"22":{"start":{"line":55,"column":6},"end":{"line":55,"column":16}},"23":{"start":{"line":59,"column":2},"end":{"line":70,"column":5}},"24":{"start":{"line":60,"column":4},"end":{"line":69,"column":7}},"25":{"start":{"line":62,"column":6},"end":{"line":65,"column":7}},"26":{"start":{"line":63,"column":8},"end":{"line":63,"column":95}},"27":{"start":{"line":64,"column":8},"end":{"line":64,"column":20}},"28":{"start":{"line":67,"column":6},"end":{"line":67,"column":85}},"29":{"start":{"line":68,"column":6},"end":{"line":68,"column":16}},"30":{"start":{"line":72,"column":2},"end":{"line":80,"column":5}},"31":{"start":{"line":73,"column":4},"end":{"line":79,"column":5}},"32":{"start":{"line":74,"column":6},"end":{"line":74,"column":70}},"33":{"start":{"line":75,"column":6},"end":{"line":75,"column":104}},"34":{"start":{"line":76,"column":6},"end":{"line":76,"column":16}},"35":{"start":{"line":78,"column":6},"end":{"line":78,"column":18}},"36":{"start":{"line":83,"column":2},"end":{"line":89,"column":5}},"37":{"start":{"line":84,"column":4},"end":{"line":88,"column":5}},"38":{"start":{"line":85,"column":6},"end":{"line":85,"column":48}},"39":{"start":{"line":87,"column":6},"end":{"line":87,"column":27}}},"branchMap":{"1":{"line":49,"type":"if","locations":[{"start":{"line":49,"column":6},"end":{"line":49,"column":6}},{"start":{"line":49,"column":6},"end":{"line":49,"column":6}}]},"2":{"line":62,"type":"if","locations":[{"start":{"line":62,"column":6},"end":{"line":62,"column":6}},{"start":{"line":62,"column":6},"end":{"line":62,"column":6}}]}}},"/Users/mrsum/code/rambler/rnd/ship-cli/cli/commands/install.js":{"path":"/Users/mrsum/code/rambler/rnd/ship-cli/cli/commands/install.js","s":{"1":1,"2":1,"3":1,"4":1,"5":1,"6":0,"7":0,"8":0,"9":0,"10":0,"11":0,"12":0,"13":0},"b":{"1":[0,0],"2":[0,0]},"f":{"1":1,"2":0},"fnMap":{"1":{"name":"(anonymous_1)","line":16,"loc":{"start":{"line":16,"column":17},"end":{"line":16,"column":43}}},"2":{"name":"(anonymous_2)","line":23,"loc":{"start":{"line":23,"column":12},"end":{"line":23,"column":40}}}},"statementMap":{"1":{"start":{"line":6,"column":0},"end":{"line":6,"column":33}},"2":{"start":{"line":7,"column":0},"end":{"line":7,"column":33}},"3":{"start":{"line":8,"column":0},"end":{"line":8,"column":46}},"4":{"start":{"line":16,"column":0},"end":{"line":40,"column":2}},"5":{"start":{"line":17,"column":2},"end":{"line":39,"column":7}},"6":{"start":{"line":24,"column":6},"end":{"line":24,"column":34}},"7":{"start":{"line":26,"column":6},"end":{"line":29,"column":7}},"8":{"start":{"line":27,"column":8},"end":{"line":27,"column":62}},"9":{"start":{"line":28,"column":8},"end":{"line":28,"column":21}},"10":{"start":{"line":30,"column":6},"end":{"line":30,"column":43}},"11":{"start":{"line":31,"column":6},"end":{"line":34,"column":8}},"12":{"start":{"line":36,"column":6},"end":{"line":36,"column":46}},"13":{"start":{"line":38,"column":6},"end":{"line":38,"column":18}}},"branchMap":{"1":{"line":26,"type":"if","locations":[{"start":{"line":26,"column":6},"end":{"line":26,"column":6}},{"start":{"line":26,"column":6},"end":{"line":26,"column":6}}]},"2":{"line":32,"type":"cond-expr","locations":[{"start":{"line":32,"column":85},"end":{"line":32,"column":92}},{"start":{"line":32,"column":95},"end":{"line":32,"column":97}}]}}},"/Users/mrsum/code/rambler/rnd/ship-cli/cli/commands/remove.js":{"path":"/Users/mrsum/code/rambler/rnd/ship-cli/cli/commands/remove.js","s":{"1":1,"2":1,"3":1,"4":1,"5":1,"6":0,"7":0,"8":0,"9":0,"10":0,"11":0,"12":0,"13":0},"b":{"1":[0,0],"2":[0,0]},"f":{"1":1,"2":0},"fnMap":{"1":{"name":"(anonymous_1)","line":16,"loc":{"start":{"line":16,"column":17},"end":{"line":16,"column":43}}},"2":{"name":"(anonymous_2)","line":23,"loc":{"start":{"line":23,"column":12},"end":{"line":23,"column":40}}}},"statementMap":{"1":{"start":{"line":6,"column":0},"end":{"line":6,"column":33}},"2":{"start":{"line":7,"column":0},"end":{"line":7,"column":33}},"3":{"start":{"line":8,"column":0},"end":{"line":8,"column":46}},"4":{"start":{"line":16,"column":0},"end":{"line":41,"column":2}},"5":{"start":{"line":17,"column":2},"end":{"line":40,"column":7}},"6":{"start":{"line":24,"column":6},"end":{"line":24,"column":34}},"7":{"start":{"line":26,"column":6},"end":{"line":29,"column":7}},"8":{"start":{"line":27,"column":8},"end":{"line":27,"column":62}},"9":{"start":{"line":28,"column":8},"end":{"line":28,"column":21}},"10":{"start":{"line":31,"column":6},"end":{"line":31,"column":43}},"11":{"start":{"line":32,"column":6},"end":{"line":35,"column":8}},"12":{"start":{"line":37,"column":6},"end":{"line":37,"column":46}},"13":{"start":{"line":39,"column":6},"end":{"line":39,"column":18}}},"branchMap":{"1":{"line":26,"type":"if","locations":[{"start":{"line":26,"column":6},"end":{"line":26,"column":6}},{"start":{"line":26,"column":6},"end":{"line":26,"column":6}}]},"2":{"line":33,"type":"cond-expr","locations":[{"start":{"line":33,"column":89},"end":{"line":33,"column":101}},{"start":{"line":33,"column":104},"end":{"line":33,"column":112}}]}}}}