TN:
SF:/Users/mrsum/code/rambler/rnd/ship-cli/cli/__tests__/program.spec.js
FNF:0
FNH:0
DA:3,1
DA:4,1
DA:5,1
DA:7,1
DA:9,1
DA:10,1
DA:13,1
DA:14,1
LF:8
LH:8
BRF:0
BRH:0
end_of_record
TN:
SF:/Users/mrsum/code/rambler/rnd/ship-cli/cli/index.js
FN:18,(anonymous_1)
FNF:1
FNH:1
FNDA:1,(anonymous_1)
DA:6,1
DA:7,1
DA:8,1
DA:9,1
DA:18,1
DA:20,1
DA:23,1
DA:28,1
LF:8
LH:8
BRF:0
BRH:0
end_of_record
TN:
SF:/Users/mrsum/code/rambler/rnd/ship-cli/cli/libs/registry.js
FN:14,(anonymous_1)
FNF:1
FNH:1
FNDA:1,(anonymous_1)
DA:6,1
DA:14,1
DA:15,1
DA:16,1
DA:17,1
DA:18,5
DA:22,1
DA:25,1
LF:8
LH:8
BRDA:16,1,0,1
BRDA:16,1,1,0
BRF:2
BRH:1
end_of_record
TN:
SF:/Users/mrsum/code/rambler/rnd/ship-cli/cli/libs/logger.js
FN:13,(anonymous_1)
FNF:1
FNH:0
FNDA:0,(anonymous_1)
DA:6,1
DA:13,1
DA:14,0
DA:15,0
DA:16,0
DA:19,1
LF:6
LH:3
BRF:0
BRH:0
end_of_record
TN:
SF:/Users/mrsum/code/rambler/rnd/ship-cli/cli/commands/new.js
FN:15,(anonymous_1)
FN:20,(anonymous_2)
FNF:2
FNH:1
FNDA:1,(anonymous_1)
FNDA:0,(anonymous_2)
DA:6,1
DA:7,1
DA:15,1
DA:16,1
DA:21,0
DA:22,0
DA:23,0
DA:24,0
DA:26,0
DA:27,0
DA:30,0
DA:36,0
DA:37,0
DA:41,0
LF:14
LH:4
BRF:0
BRH:0
end_of_record
TN:
SF:/Users/mrsum/code/rambler/rnd/ship-cli/cli/commands/setup.js
FN:16,(anonymous_1)
FN:22,(anonymous_2)
FNF:2
FNH:1
FNDA:1,(anonymous_1)
FNDA:0,(anonymous_2)
DA:6,1
DA:7,1
DA:8,1
DA:16,1
DA:17,1
DA:23,0
DA:26,0
DA:27,0
DA:28,0
DA:31,0
DA:34,0
DA:35,0
DA:36,0
DA:37,0
DA:39,0
DA:40,0
DA:44,0
DA:45,0
DA:46,0
DA:47,0
DA:49,0
DA:50,0
DA:53,0
DA:54,0
LF:24
LH:5
BRDA:26,1,0,0
BRDA:26,1,1,0
BRDA:34,2,0,0
BRDA:34,2,1,0
BRF:4
BRH:0
end_of_record
TN:
SF:/Users/mrsum/code/rambler/rnd/ship-cli/cli/commands/utils/index.js
FN:17,(anonymous_1)
FN:27,(anonymous_2)
FN:44,(anonymous_3)
FNF:3
FNH:0
FNDA:0,(anonymous_1)
FNDA:0,(anonymous_2)
FNDA:0,(anonymous_3)
DA:6,1
DA:7,1
DA:17,1
DA:18,0
DA:19,0
DA:27,1
DA:28,0
DA:29,0
DA:30,0
DA:31,0
DA:32,0
DA:33,0
DA:36,0
DA:44,1
DA:45,0
DA:46,0
DA:48,0
DA:55,1
DA:56,1
DA:57,1
LF:20
LH:8
BRDA:29,1,0,0
BRDA:29,1,1,0
BRDA:36,2,0,0
BRDA:36,2,1,0
BRF:4
BRH:0
end_of_record
TN:
SF:/Users/mrsum/code/rambler/rnd/ship-cli/cli/commands/run.js
FN:17,(anonymous_1)
FN:21,(anonymous_2)
FNF:2
FNH:1
FNDA:1,(anonymous_1)
FNDA:0,(anonymous_2)
DA:6,1
DA:7,1
DA:8,1
DA:9,1
DA:17,1
DA:18,1
DA:22,0
DA:25,0
DA:26,0
DA:27,0
DA:31,0
DA:36,0
DA:40,0
LF:13
LH:6
BRDA:25,1,0,0
BRDA:25,1,1,0
BRDA:31,2,0,0
BRDA:31,2,1,0
BRDA:36,3,0,0
BRDA:36,3,1,0
BRDA:36,4,0,0
BRDA:36,4,1,0
BRF:8
BRH:0
end_of_record
TN:
SF:/Users/mrsum/code/rambler/rnd/ship-cli/cli/commands/subcommands/dev.js
FN:18,(anonymous_1)
FN:37,(anonymous_2)
FN:57,(anonymous_3)
FN:73,(anonymous_4)
FN:111,(anonymous_5)
FNF:5
FNH:0
FNDA:0,(anonymous_1)
FNDA:0,(anonymous_2)
FNDA:0,(anonymous_3)
FNDA:0,(anonymous_4)
FNDA:0,(anonymous_5)
DA:6,1
DA:7,1
DA:8,1
DA:18,1
DA:19,0
DA:21,0
DA:22,0
DA:25,0
DA:28,0
DA:29,0
DA:30,0
DA:32,0
DA:37,0
DA:38,0
DA:43,0
DA:44,0
DA:49,0
DA:50,0
DA:51,0
DA:52,0
DA:53,0
DA:54,0
DA:57,0
DA:58,0
DA:69,0
DA:73,0
DA:74,0
DA:75,0
DA:76,0
DA:78,0
DA:80,0
DA:82,0
DA:91,0
DA:101,0
DA:108,0
DA:111,0
DA:112,0
DA:113,0
DA:114,0
DA:115,0
DA:117,0
DA:119,0
DA:130,0
DA:134,0
DA:135,0
DA:142,0
LF:46
LH:4
BRDA:19,1,0,0
BRDA:19,1,1,0
BRDA:39,2,0,0
BRDA:39,2,1,0
BRDA:43,3,0,0
BRDA:43,3,1,0
BRDA:113,4,0,0
BRDA:113,4,1,0
BRF:8
BRH:0
end_of_record
TN:
SF:/Users/mrsum/code/rambler/rnd/ship-cli/cli/screens/dev.js
FN:16,(anonymous_1)
FN:185,(anonymous_2)
FNF:2
FNH:0
FNDA:0,(anonymous_1)
FNDA:0,(anonymous_2)
DA:6,1
DA:7,1
DA:16,1
DA:19,0
DA:27,0
DA:56,0
DA:85,0
DA:108,0
DA:131,0
DA:161,0
DA:179,0
DA:182,0
DA:185,0
DA:186,0
DA:187,0
DA:191,0
LF:16
LH:3
BRF:0
BRH:0
end_of_record
TN:
SF:/Users/mrsum/code/rambler/rnd/ship-cli/cli/commands/compilers/server.js
FN:18,(anonymous_1)
FN:26,(anonymous_2)
FN:61,(anonymous_3)
FN:70,(anonymous_4)
FN:121,(anonymous_5)
FNF:5
FNH:0
FNDA:0,(anonymous_1)
FNDA:0,(anonymous_2)
FNDA:0,(anonymous_3)
FNDA:0,(anonymous_4)
FNDA:0,(anonymous_5)
DA:6,1
DA:7,1
DA:8,1
DA:9,1
DA:10,1
DA:11,1
DA:12,1
DA:18,1
DA:19,0
DA:26,1
DA:27,0
DA:28,0
DA:31,0
DA:34,0
DA:37,0
DA:40,0
DA:43,0
DA:46,0
DA:50,0
DA:56,0
DA:57,0
DA:58,0
DA:61,0
DA:62,0
DA:70,0
DA:72,0
DA:77,0
DA:78,0
DA:79,0
DA:80,0
DA:81,0
DA:82,0
DA:84,0
DA:89,0
DA:94,0
DA:97,0
DA:100,0
DA:103,0
DA:104,0
DA:105,0
DA:109,0
DA:113,0
DA:114,0
DA:118,0
DA:121,0
DA:122,0
DA:124,0
DA:125,0
DA:126,0
DA:128,0
DA:131,0
DA:132,0
DA:133,0
DA:135,0
DA:137,0
DA:140,0
DA:142,0
DA:144,0
DA:148,0
DA:149,0
DA:150,0
DA:151,0
DA:152,0
DA:153,0
DA:156,0
DA:157,0
DA:158,0
DA:159,0
DA:165,0
DA:170,0
DA:172,0
DA:173,0
DA:177,1
LF:73
LH:10
BRDA:19,1,0,0
BRDA:19,1,1,0
BRDA:78,2,0,0
BRDA:78,2,1,0
BRDA:78,2,2,0
BRDA:78,2,3,0
BRDA:78,2,4,0
BRDA:78,2,5,0
BRDA:124,3,0,0
BRDA:124,3,1,0
BRDA:131,4,0,0
BRDA:131,4,1,0
BRDA:142,5,0,0
BRDA:142,5,1,0
BRDA:148,6,0,0
BRDA:148,6,1,0
BRDA:156,7,0,0
BRDA:156,7,1,0
BRDA:156,8,0,0
BRDA:156,8,1,0
BRF:20
BRH:0
end_of_record
TN:
SF:/Users/mrsum/code/rambler/rnd/ship-cli/cli/commands/compilers/client.js
FN:17,(anonymous_1)
FN:25,(anonymous_2)
FN:58,(anonymous_3)
FNF:3
FNH:0
FNDA:0,(anonymous_1)
FNDA:0,(anonymous_2)
FNDA:0,(anonymous_3)
DA:6,1
DA:7,1
DA:8,1
DA:9,1
DA:10,1
DA:11,1
DA:17,1
DA:18,0
DA:25,1
DA:27,0
DA:28,0
DA:29,0
DA:30,0
DA:33,0
DA:36,0
DA:45,0
DA:49,0
DA:58,0
DA:59,0
DA:61,0
DA:62,0
DA:63,0
DA:65,0
DA:68,0
DA:69,0
DA:70,0
DA:72,0
DA:74,0
DA:79,0
DA:85,1
LF:30
LH:9
BRDA:18,1,0,0
BRDA:18,1,1,0
BRDA:61,2,0,0
BRDA:61,2,1,0
BRDA:68,3,0,0
BRDA:68,3,1,0
BRF:6
BRH:0
end_of_record
TN:
SF:/Users/mrsum/code/rambler/rnd/ship-cli/cli/commands/subcommands/build.js
FN:16,(anonymous_1)
FNF:1
FNH:0
FNDA:0,(anonymous_1)
DA:6,1
DA:7,1
DA:8,1
DA:16,1
DA:17,0
DA:18,0
DA:30,0
DA:33,0
DA:34,0
DA:37,0
DA:38,0
DA:40,0
DA:42,0
DA:43,0
DA:44,0
DA:46,0
DA:47,0
DA:49,0
DA:50,0
DA:51,0
DA:54,0
DA:55,0
DA:59,0
DA:60,0
DA:62,0
DA:63,0
DA:64,0
DA:67,0
DA:68,0
DA:72,0
DA:73,0
DA:74,0
DA:75,0
DA:76,0
DA:78,0
DA:83,0
DA:84,0
DA:85,0
DA:87,0
LF:39
LH:4
BRDA:49,1,0,0
BRDA:49,1,1,0
BRDA:62,2,0,0
BRDA:62,2,1,0
BRF:4
BRH:0
end_of_record
TN:
SF:/Users/mrsum/code/rambler/rnd/ship-cli/cli/commands/install.js
FN:16,(anonymous_1)
FN:23,(anonymous_2)
FNF:2
FNH:1
FNDA:1,(anonymous_1)
FNDA:0,(anonymous_2)
DA:6,1
DA:7,1
DA:8,1
DA:16,1
DA:17,1
DA:24,0
DA:26,0
DA:27,0
DA:28,0
DA:30,0
DA:31,0
DA:36,0
DA:38,0
LF:13
LH:5
BRDA:26,1,0,0
BRDA:26,1,1,0
BRDA:32,2,0,0
BRDA:32,2,1,0
BRF:4
BRH:0
end_of_record
TN:
SF:/Users/mrsum/code/rambler/rnd/ship-cli/cli/commands/remove.js
FN:16,(anonymous_1)
FN:23,(anonymous_2)
FNF:2
FNH:1
FNDA:1,(anonymous_1)
FNDA:0,(anonymous_2)
DA:6,1
DA:7,1
DA:8,1
DA:16,1
DA:17,1
DA:24,0
DA:26,0
DA:27,0
DA:28,0
DA:31,0
DA:32,0
DA:37,0
DA:39,0
LF:13
LH:5
BRDA:26,1,0,0
BRDA:26,1,1,0
BRDA:33,2,0,0
BRDA:33,2,1,0
BRF:4
BRH:0
end_of_record
